<?xml version="1.0" encoding="UTF-8"?>
<!-- Generated by org.testng.reporters.JUnitReportReporter -->
<testsuite skipped="1" hostname="admin-PC" name="com.visiomit.freecrm2.Testcase.LoginExcelTC" tests="1" failures="0" timestamp="06 Oct 2019 07:49:22 GMT" time="0.000" errors="0">
  <testcase name="verifyloginToCrmProTest" time="0.000" classname="com.visiomit.freecrm2.Testcase.LoginExcelTC">
    <skipped/>
  </testcase> <!-- verifyloginToCrmProTest -->
</testsuite> <!-- com.visiomit.freecrm2.Testcase.LoginExcelTC -->
